0 info it worked if it ends with ok
1 verbose cli [ 'C:\\Program Files (x86)\\nodejs\\node.exe',
1 verbose cli   'C:\\Users\\Vinicius.DESKTOP-T1VU4K4\\AppData\\Roaming\\npm\\node_modules\\npm\\bin\\npm-cli.js',
1 verbose cli   'start' ]
2 info using npm@3.10.9
3 info using node@v4.2.4
4 verbose run-script [ 'prestart', 'start', 'poststart' ]
5 info lifecycle TimeCat@1.0.0~prestart: TimeCat@1.0.0
6 silly lifecycle TimeCat@1.0.0~prestart: no script for prestart, continuing
7 info lifecycle TimeCat@1.0.0~start: TimeCat@1.0.0
8 verbose lifecycle TimeCat@1.0.0~start: unsafe-perm in lifecycle true
9 verbose lifecycle TimeCat@1.0.0~start: PATH: C:\Users\Vinicius.DESKTOP-T1VU4K4\AppData\Roaming\npm\node_modules\npm\bin\node-gyp-bin;C:\Users\Vinicius.DESKTOP-T1VU4K4\src\timeCat\node_modules\.bin;C:\ProgramData\Oracle\Java\javapath;C:\WINDOWS\system32;C:\WINDOWS;C:\WINDOWS\System32\Wbem;C:\WINDOWS\System32\WindowsPowerShell\v1.0\;C:\Program Files (x86)\nodejs\;C:\Program Files (x86)\NVIDIA Corporation\PhysX\Common;C:\Program Files (x86)\Skype\Phone\;C:\Program Files\OpenVPN\bin;C:\Program Files (x86)\Calibre2\;C:\Program Files (x86)\Java\jre1.8.0_66\bin;C:\Program Files (x86)\sbt\bin;C:\Program Files (x86)\Windows Kits\8.1\Windows Performance Toolkit\;C:\WINDOWS\system32;C:\WINDOWS;C:\WINDOWS\System32\Wbem;C:\WINDOWS\System32\WindowsPowerShell\v1.0\;C:\Ruby22-x64\bin;C:\Users\Vinicius.DESKTOP-T1VU4K4\AppData\Roaming\npm;C:\Program Files\Docker Toolbox;C:\Users\Vinicius.DESKTOP-T1VU4K4\AppData\Local\Programs\Python\Python35-32;C:\Users\Vinicius.DESKTOP-T1VU4K4\AppData\Local\Microsoft\WindowsApps
10 verbose lifecycle TimeCat@1.0.0~start: CWD: C:\Users\Vinicius.DESKTOP-T1VU4K4\src\timeCat
11 silly lifecycle TimeCat@1.0.0~start: Args: [ '/d /s /c', 'webpack-dev-server --progress --colors' ]
12 silly lifecycle TimeCat@1.0.0~start: Returned: code: 1  signal: null
13 info lifecycle TimeCat@1.0.0~start: Failed to exec start script
14 verbose stack Error: TimeCat@1.0.0 start: `webpack-dev-server --progress --colors`
14 verbose stack Exit status 1
14 verbose stack     at EventEmitter.<anonymous> (C:\Users\Vinicius.DESKTOP-T1VU4K4\AppData\Roaming\npm\node_modules\npm\lib\utils\lifecycle.js:255:16)
14 verbose stack     at emitTwo (events.js:87:13)
14 verbose stack     at EventEmitter.emit (events.js:172:7)
14 verbose stack     at ChildProcess.<anonymous> (C:\Users\Vinicius.DESKTOP-T1VU4K4\AppData\Roaming\npm\node_modules\npm\lib\utils\spawn.js:40:14)
14 verbose stack     at emitTwo (events.js:87:13)
14 verbose stack     at ChildProcess.emit (events.js:172:7)
14 verbose stack     at maybeClose (internal/child_process.js:818:16)
14 verbose stack     at Process.ChildProcess._handle.onexit (internal/child_process.js:211:5)
15 verbose pkgid TimeCat@1.0.0
16 verbose cwd C:\Users\Vinicius.DESKTOP-T1VU4K4\src\timeCat
17 error Windows_NT 10.0.14393
18 error argv "C:\\Program Files (x86)\\nodejs\\node.exe" "C:\\Users\\Vinicius.DESKTOP-T1VU4K4\\AppData\\Roaming\\npm\\node_modules\\npm\\bin\\npm-cli.js" "start"
19 error node v4.2.4
20 error npm  v3.10.9
21 error code ELIFECYCLE
22 error TimeCat@1.0.0 start: `webpack-dev-server --progress --colors`
22 error Exit status 1
23 error Failed at the TimeCat@1.0.0 start script 'webpack-dev-server --progress --colors'.
23 error Make sure you have the latest version of node.js and npm installed.
23 error If you do, this is most likely a problem with the TimeCat package,
23 error not with npm itself.
23 error Tell the author that this fails on your system:
23 error     webpack-dev-server --progress --colors
23 error You can get information on how to open an issue for this project with:
23 error     npm bugs TimeCat
23 error Or if that isn't available, you can get their info via:
23 error     npm owner ls TimeCat
23 error There is likely additional logging output above.
24 verbose exit [ 1, true ]
